<?xml version="1.0" encoding="UTF-8"?>
<testng-results skipped="0" failed="0" total="1" passed="1">
  <reporter-output>
  </reporter-output>
  <suite name="Suite" duration-ms="19480" started-at="2019-02-12T16:10:04Z" finished-at="2019-02-12T16:10:24Z">
    <groups>
      <group name="cucumber">
        <method signature="AbstractTestNGCucumberTests.feature(cucumber.api.testng.CucumberFeatureWrapper)[pri:0, instance:com.cucumber.framework.runner.addUserDetails.UserdetailsRunner@e25b2fe]" name="feature" class="cucumber.api.testng.AbstractTestNGCucumberTests"/>
      </group> <!-- cucumber -->
    </groups>
    <test name="UserdetailsRunner" duration-ms="19480" started-at="2019-02-12T16:10:04Z" finished-at="2019-02-12T16:10:24Z">
      <class name="com.cucumber.framework.runner.addUserDetails.UserdetailsRunner">
        <test-method status="PASS" signature="setUpClass()[pri:0, instance:com.cucumber.framework.runner.addUserDetails.UserdetailsRunner@e25b2fe]" name="setUpClass" is-config="true" duration-ms="237" started-at="2019-02-12T21:40:04Z" finished-at="2019-02-12T21:40:04Z">
          <reporter-output>
          </reporter-output>
        </test-method> <!-- setUpClass -->
        <test-method status="PASS" signature="feature(cucumber.api.testng.CucumberFeatureWrapper)[pri:0, instance:com.cucumber.framework.runner.addUserDetails.UserdetailsRunner@e25b2fe]" name="feature" duration-ms="19016" started-at="2019-02-12T21:40:04Z" description="Runs Cucumber Feature" data-provider="features" finished-at="2019-02-12T21:40:23Z">
          <params>
            <param index="0">
              <value>
                <![CDATA[AddUserDetails.]]>
              </value>
            </param>
          </params>
          <reporter-output>
          </reporter-output>
        </test-method> <!-- feature -->
        <test-method status="PASS" signature="tearDownClass()[pri:0, instance:com.cucumber.framework.runner.addUserDetails.UserdetailsRunner@e25b2fe]" name="tearDownClass" is-config="true" duration-ms="137" started-at="2019-02-12T21:40:23Z" finished-at="2019-02-12T21:40:24Z">
          <reporter-output>
          </reporter-output>
        </test-method> <!-- tearDownClass -->
      </class> <!-- com.cucumber.framework.runner.addUserDetails.UserdetailsRunner -->
    </test> <!-- UserdetailsRunner -->
  </suite> <!-- Suite -->
</testng-results>
